# JRE version: OpenJDK Runtime Environment (8.0_242-b08) (build 1.8.0_242-b08)
# Java VM: OpenJDK 64-Bit Server VM (25.242-b08 mixed mode bsd-amd64 compressed oops)
Heap:
 PSYoungGen      total 100864K, used 65521K [0x00000007b5580000, 0x00000007bee00000, 0x00000007c0000000)
  eden space 87552K, 59% used [0x00000007b5580000,0x00000007b88828c8,0x00000007bab00000)
  from space 13312K, 99% used [0x00000007bab00000,0x00000007bb7f9b68,0x00000007bb800000)
  to   space 24064K, 0% used [0x00000007bd680000,0x00000007bd680000,0x00000007bee00000)
 ParOldGen       total 98816K, used 36373K [0x00000007a0000000, 0x00000007a6080000, 0x00000007b5580000)
  object space 98816K, 36% used [0x00000007a0000000,0x00000007a23855d0,0x00000007a6080000)
 Metaspace       used 42841K, capacity 44078K, committed 44160K, reserved 1087488K
  class space    used 5484K, capacity 5744K, committed 5760K, reserved 1048576K
GC Heap History (10 events):
Event: 6.325 GC heap before
{Heap before GC invocations=5 (full 1):
 PSYoungGen      total 38400K, used 33280K [0x00000007b5580000, 0x00000007ba080000, 0x00000007c0000000)
  eden space 33280K, 100% used [0x00000007b5580000,0x00000007b7600000,0x00000007b7600000)
  from space 5120K, 0% used [0x00000007b7600000,0x00000007b7600000,0x00000007b7b00000)
  to   space 5120K, 0% used [0x00000007b9b80000,0x00000007b9b80000,0x00000007ba080000)
 ParOldGen       total 87552K, used 13419K [0x00000007a0000000, 0x00000007a5580000, 0x00000007b5580000)
  object space 87552K, 15% used [0x00000007a0000000,0x00000007a0d1aec8,0x00000007a5580000)
 Metaspace       used 26181K, capacity 26614K, committed 26752K, reserved 1073152K
  class space    used 3235K, capacity 3373K, committed 3456K, reserved 1048576K
Event: 6.331 GC heap after
Heap after GC invocations=5 (full 1):
 PSYoungGen      total 58880K, used 3821K [0x00000007b5580000, 0x00000007b9f80000, 0x00000007c0000000)
  eden space 54784K, 0% used [0x00000007b5580000,0x00000007b5580000,0x00000007b8b00000)
  from space 4096K, 93% used [0x00000007b9b80000,0x00000007b9f3b778,0x00000007b9f80000)
  to   space 5120K, 0% used [0x00000007b9580000,0x00000007b9580000,0x00000007b9a80000)
 ParOldGen       total 87552K, used 13427K [0x00000007a0000000, 0x00000007a5580000, 0x00000007b5580000)
  object space 87552K, 15% used [0x00000007a0000000,0x00000007a0d1cec8,0x00000007a5580000)
 Metaspace       used 26181K, capacity 26614K, committed 26752K, reserved 1073152K
  class space    used 3235K, capacity 3373K, committed 3456K, reserved 1048576K
}
Event: 7.270 GC heap before
{Heap before GC invocations=6 (full 1):
 PSYoungGen      total 58880K, used 45236K [0x00000007b5580000, 0x00000007b9f80000, 0x00000007c0000000)
  eden space 54784K, 75% used [0x00000007b5580000,0x00000007b7df1b08,0x00000007b8b00000)
  from space 4096K, 93% used [0x00000007b9b80000,0x00000007b9f3b778,0x00000007b9f80000)
  to   space 5120K, 0% used [0x00000007b9580000,0x00000007b9580000,0x00000007b9a80000)
 ParOldGen       total 87552K, used 13427K [0x00000007a0000000, 0x00000007a5580000, 0x00000007b5580000)
  object space 87552K, 15% used [0x00000007a0000000,0x00000007a0d1cec8,0x00000007a5580000)
 Metaspace       used 34467K, capacity 35366K, committed 35496K, reserved 1079296K
  class space    used 4569K, capacity 4797K, committed 4864K, reserved 1048576K
Event: 7.284 GC heap after
Heap after GC invocations=6 (full 1):
 PSYoungGen      total 70656K, used 5100K [0x00000007b5580000, 0x00000007bc700000, 0x00000007c0000000)
  eden space 65536K, 0% used [0x00000007b5580000,0x00000007b5580000,0x00000007b9580000)
  from space 5120K, 99% used [0x00000007b9580000,0x00000007b9a7b080,0x00000007b9a80000)
  to   space 12800K, 0% used [0x00000007bba80000,0x00000007bba80000,0x00000007bc700000)
 ParOldGen       total 87552K, used 17581K [0x00000007a0000000, 0x00000007a5580000, 0x00000007b5580000)
  object space 87552K, 20% used [0x00000007a0000000,0x00000007a112b748,0x00000007a5580000)
 Metaspace       used 34467K, capacity 35366K, committed 35496K, reserved 1079296K
  class space    used 4569K, capacity 4797K, committed 4864K, reserved 1048576K
}
Event: 7.284 GC heap before
{Heap before GC invocations=7 (full 2):
 PSYoungGen      total 70656K, used 5100K [0x00000007b5580000, 0x00000007bc700000, 0x00000007c0000000)
  eden space 65536K, 0% used [0x00000007b5580000,0x00000007b5580000,0x00000007b9580000)
  from space 5120K, 99% used [0x00000007b9580000,0x00000007b9a7b080,0x00000007b9a80000)
  to   space 12800K, 0% used [0x00000007bba80000,0x00000007bba80000,0x00000007bc700000)
 ParOldGen       total 87552K, used 17581K [0x00000007a0000000, 0x00000007a5580000, 0x00000007b5580000)
  object space 87552K, 20% used [0x00000007a0000000,0x00000007a112b748,0x00000007a5580000)
 Metaspace       used 34467K, capacity 35366K, committed 35496K, reserved 1079296K
  class space    used 4569K, capacity 4797K, committed 4864K, reserved 1048576K
Event: 7.350 GC heap after
Heap after GC invocations=7 (full 2):
 PSYoungGen      total 70656K, used 0K [0x00000007b5580000, 0x00000007bc700000, 0x00000007c0000000)
  eden space 65536K, 0% used [0x00000007b5580000,0x00000007b5580000,0x00000007b9580000)
  from space 5120K, 0% used [0x00000007b9580000,0x00000007b9580000,0x00000007b9a80000)
  to   space 12800K, 0% used [0x00000007bba80000,0x00000007bba80000,0x00000007bc700000)
 ParOldGen       total 98816K, used 18894K [0x00000007a0000000, 0x00000007a6080000, 0x00000007b5580000)
  object space 98816K, 19% used [0x00000007a0000000,0x00000007a1273a08,0x00000007a6080000)
 Metaspace       used 34467K, capacity 35366K, committed 35496K, reserved 1079296K
  class space    used 4569K, capacity 4797K, committed 4864K, reserved 1048576K
}
Event: 68.723 GC heap before
{Heap before GC invocations=8 (full 2):
 PSYoungGen      total 70656K, used 65440K [0x00000007b5580000, 0x00000007bc700000, 0x00000007c0000000)
  eden space 65536K, 99% used [0x00000007b5580000,0x00000007b9568398,0x00000007b9580000)
  from space 5120K, 0% used [0x00000007b9580000,0x00000007b9580000,0x00000007b9a80000)
  to   space 12800K, 0% used [0x00000007bba80000,0x00000007bba80000,0x00000007bc700000)
 ParOldGen       total 98816K, used 18894K [0x00000007a0000000, 0x00000007a6080000, 0x00000007b5580000)
  object space 98816K, 19% used [0x00000007a0000000,0x00000007a1273a08,0x00000007a6080000)
 Metaspace       used 40045K, capacity 41250K, committed 41472K, reserved 1085440K
  class space    used 5108K, capacity 5359K, committed 5376K, reserved 1048576K
Event: 68.735 GC heap after
Heap after GC invocations=8 (full 2):
 PSYoungGen      total 96768K, used 10478K [0x00000007b5580000, 0x00000007bc500000, 0x00000007c0000000)
  eden space 86016K, 0% used [0x00000007b5580000,0x00000007b5580000,0x00000007ba980000)
  from space 10752K, 97% used [0x00000007bba80000,0x00000007bc4bb8b0,0x00000007bc500000)
  to   space 13312K, 0% used [0x00000007bab00000,0x00000007bab00000,0x00000007bb800000)
 ParOldGen       total 98816K, used 18902K [0x00000007a0000000, 0x00000007a6080000, 0x00000007b5580000)
  object space 98816K, 19% used [0x00000007a0000000,0x00000007a1275a08,0x00000007a6080000)
 Metaspace       used 40045K, capacity 41250K, committed 41472K, reserved 1085440K
  class space    used 5108K, capacity 5359K, committed 5376K, reserved 1048576K
}
Event: 100.111 GC heap before
{Heap before GC invocations=9 (full 2):
 PSYoungGen      total 96768K, used 96494K [0x00000007b5580000, 0x00000007bc500000, 0x00000007c0000000)
  eden space 86016K, 100% used [0x00000007b5580000,0x00000007ba980000,0x00000007ba980000)
  from space 10752K, 97% used [0x00000007bba80000,0x00000007bc4bb8b0,0x00000007bc500000)
  to   space 13312K, 0% used [0x00000007bab00000,0x00000007bab00000,0x00000007bb800000)
 ParOldGen       total 98816K, used 18902K [0x00000007a0000000, 0x00000007a6080000, 0x00000007b5580000)
  object space 98816K, 19% used [0x00000007a0000000,0x00000007a1275a08,0x00000007a6080000)
 Metaspace       used 40378K, capacity 41492K, committed 41728K, reserved 1085440K
  class space    used 5132K, capacity 5369K, committed 5376K, reserved 1048576K
Event: 100.134 GC heap after
Heap after GC invocations=9 (full 2):
 PSYoungGen      total 100864K, used 13286K [0x00000007b5580000, 0x00000007bee00000, 0x00000007c0000000)
  eden space 87552K, 0% used [0x00000007b5580000,0x00000007b5580000,0x00000007bab00000)
  from space 13312K, 99% used [0x00000007bab00000,0x00000007bb7f9b68,0x00000007bb800000)
  to   space 24064K, 0% used [0x00000007bd680000,0x00000007bd680000,0x00000007bee00000)
 ParOldGen       total 98816K, used 36373K [0x00000007a0000000, 0x00000007a6080000, 0x00000007b5580000)
  object space 98816K, 36% used [0x00000007a0000000,0x00000007a23855d0,0x00000007a6080000)
 Metaspace       used 40378K, capacity 41492K, committed 41728K, reserved 1085440K
  class space    used 5132K, capacity 5369K, committed 5376K, reserved 1048576K
}

